<?xml version="1.0" encoding="UTF-8"?>
<!-- Generated by org.testng.reporters.JUnitReportReporter -->
<testsuite skipped="0" hostname="RAJAT" name="com.qa.BMS.pageTest.LoginTest" tests="2" failures="0" timestamp="2020-07-13T12:57:03 IST" time="29.959" errors="0">
  <testcase name="verifyLogin" time="4.828" classname="com.qa.BMS.pageTest.LoginTest"/>
  <system-out/>
  <testcase name="browserLaunch" time="25.131" classname="com.qa.BMS.pageTest.LoginTest"/>
  <system-out/>
</testsuite> <!-- com.qa.BMS.pageTest.LoginTest -->
