<?xml version="1.0" encoding="UTF-8"?>
<!-- Generated by org.testng.reporters.JUnitReportReporter -->
<testsuite skipped="0" hostname="RAJAT" name="com.qa.BMS.pageTest.BaseTest" tests="1" failures="0" timestamp="2020-07-11T13:51:40 IST" time="17.438" errors="0">
  <testcase name="browserLaunch" time="17.438" classname="com.qa.BMS.pageTest.BaseTest"/>
  <system-out/>
</testsuite> <!-- com.qa.BMS.pageTest.BaseTest -->
