<?xml version="1.0" encoding="UTF-8"?>
<!-- Generated by org.testng.reporters.JUnitReportReporter -->
<testsuite skipped="0" hostname="RAJAT" name="com.qa.BMS.pageTest.AddTechnologyTest" tests="2" failures="0" timestamp="2020-07-11T14:06:01 IST" time="24.460" errors="0">
  <testcase name="verifyLogin" time="8.128" classname="com.qa.BMS.pageTest.AddTechnologyTest"/>
  <system-out/>
  <testcase name="browserLaunch" time="16.332" classname="com.qa.BMS.pageTest.AddTechnologyTest"/>
  <system-out/>
</testsuite> <!-- com.qa.BMS.pageTest.AddTechnologyTest -->
